[2026-07-07T09:34:58.763Z] TO: admin@cosostyle.com | SUBJECT: Welcome to CoSoStyle!
BODY: Dear Admin User,

Welcome to CoSoStyle — premium organic streetwear.

Your account is active. You've received 50 welcome loyalty points!
Referral Code: ADMI7791

Use code COSO15 for 15% off your first order.

Best Regards,
CoSoStyle Studio
----------------------------------------
[2026-07-07T09:40:52.811Z] TO: admin@cosostyle.com | SUBJECT: Order Confirmed — CoSoStyle
BODY: Dear Customer,

Your order #1783417252810716 is confirmed!

Total: ₹1551.31
Tracking: 1ZY2KB2BZV448
Estimated Delivery: 3-5 business days

Thank you for shopping at CoSoStyle.
Team CoSoStyle
----------------------------------------
[2026-07-07T09:40:52.812Z] TO: admin@cosostyle.com | SUBJECT: [NEW ORDER] #1783417252810716 — ₹1551.31
BODY: New order received:
Customer: admin@cosostyle.com
Order ID: 1783417252810716
Total: ₹1551.31
Items: 3
----------------------------------------
[2026-07-07T10:03:20.600Z] TO: google_demo@cosostyle.com | SUBJECT: Order Confirmed — CoSoStyle
BODY: Dear Customer,

Your order #1783418600599191 is confirmed!

Total: ₹421.92
Tracking: 1ZIDEFCY6OCI
Estimated Delivery: 3-5 business days

Thank you for shopping at CoSoStyle.
Team CoSoStyle
----------------------------------------
[2026-07-07T10:03:20.601Z] TO: admin@cosostyle.com | SUBJECT: [NEW ORDER] #1783418600599191 — ₹421.92
BODY: New order received:
Customer: google_demo@cosostyle.com
Order ID: 1783418600599191
Total: ₹421.92
Items: 1
----------------------------------------
[2026-07-07T10:06:58.148Z] TO: admin@cosostyle.com | SUBJECT: OTP Code — CoSoStyle
BODY: Your one-time login code: 123456 (valid for 10 minutes)
----------------------------------------
